{
  "stats": {
    "suites": 1,
    "tests": 3,
    "passes": 1,
    "pending": 0,
    "failures": 2,
    "start": "2024-02-25T14:54:52.282Z",
    "end": "2024-02-25T14:55:18.810Z",
    "duration": 26528,
    "testsRegistered": 3,
    "passPercent": 33.33333333333333,
    "pendingPercent": 0,
    "other": 0,
    "hasOther": false,
    "skipped": 0,
    "hasSkipped": false
  },
  "results": [
    {
      "uuid": "62c21707-a375-4e86-8cff-836213b53fa7",
      "title": "",
      "fullFile": "cypress\\e2e\\src\\App.spec.cy.ts",
      "file": "cypress\\e2e\\src\\App.spec.cy.ts",
      "beforeHooks": [],
      "afterHooks": [],
      "tests": [],
      "suites": [
        {
          "uuid": "9b10fc0d-e74e-4d51-81c6-f6f7a9954661",
          "title": "App Component",
          "fullFile": "",
          "file": "",
          "beforeHooks": [],
          "afterHooks": [],
          "tests": [
            {
              "title": "should increment count when button is clicked",
              "fullTitle": "App Component should increment count when button is clicked",
              "timedOut": null,
              "duration": 1558,
              "state": "passed",
              "speed": "fast",
              "pass": true,
              "fail": false,
              "pending": false,
              "context": null,
              "code": "cy.visit({\n    url: Cypress.env('base_Url')\n});\ncy.get('button').click();\ncy.get('button').contains('count is 1');",
              "err": {},
              "uuid": "7af2ccdc-8daa-41d1-b872-d4a39dbf3a86",
              "parentUUID": "9b10fc0d-e74e-4d51-81c6-f6f7a9954661",
              "isHook": false,
              "skipped": false
            },
            {
              "title": "should navigate to Vite website when Vite logo is clicked",
              "fullTitle": "App Component should navigate to Vite website when Vite logo is clicked",
              "timedOut": null,
              "duration": 4048,
              "state": "failed",
              "speed": null,
              "pass": false,
              "fail": true,
              "pending": false,
              "context": null,
              "code": "cy.get('.logo').eq(0).click();\ncy.url().should('include', 'vitejs.dev');",
              "err": {
                "message": "AssertionError: Timed out retrying after 4000ms: Expected to find element: `.logo`, but never found it.",
                "estack": "AssertionError: Timed out retrying after 4000ms: Expected to find element: `.logo`, but never found it.\n    at Context.eval (webpack://vite-react-ts/./cypress/e2e/src/App.spec.cy.ts:12:0)",
                "diff": null
              },
              "uuid": "4ebd64c3-40bb-493a-b955-d3e02061b17c",
              "parentUUID": "9b10fc0d-e74e-4d51-81c6-f6f7a9954661",
              "isHook": false,
              "skipped": false
            },
            {
              "title": "should navigate to React website when React logo is clicked",
              "fullTitle": "App Component should navigate to React website when React logo is clicked",
              "timedOut": null,
              "duration": 4080,
              "state": "failed",
              "speed": null,
              "pass": false,
              "fail": true,
              "pending": false,
              "context": null,
              "code": "cy.get('.logo.react').click();\ncy.url().should('include', 'react.dev');",
              "err": {
                "message": "AssertionError: Timed out retrying after 4000ms: Expected to find element: `.logo.react`, but never found it.",
                "estack": "AssertionError: Timed out retrying after 4000ms: Expected to find element: `.logo.react`, but never found it.\n    at Context.eval (webpack://vite-react-ts/./cypress/e2e/src/App.spec.cy.ts:16:0)",
                "diff": null
              },
              "uuid": "b5c6eaf7-89f1-462d-87e0-08969d4709b7",
              "parentUUID": "9b10fc0d-e74e-4d51-81c6-f6f7a9954661",
              "isHook": false,
              "skipped": false
            }
          ],
          "suites": [],
          "passes": [
            "7af2ccdc-8daa-41d1-b872-d4a39dbf3a86"
          ],
          "failures": [
            "4ebd64c3-40bb-493a-b955-d3e02061b17c",
            "b5c6eaf7-89f1-462d-87e0-08969d4709b7"
          ],
          "pending": [],
          "skipped": [],
          "duration": 9686,
          "root": false,
          "rootEmpty": false,
          "_timeout": 2000
        }
      ],
      "passes": [],
      "failures": [],
      "pending": [],
      "skipped": [],
      "duration": 0,
      "root": true,
      "rootEmpty": true,
      "_timeout": 2000
    }
  ],
  "meta": {
    "mocha": {
      "version": "7.0.1"
    },
    "mochawesome": {
      "options": {
        "quiet": false,
        "reportFilename": "mochawesome",
        "saveHtml": false,
        "saveJson": true,
        "consoleReporter": "spec",
        "useInlineDiffs": false,
        "code": true
      },
      "version": "7.1.3"
    },
    "marge": {
      "options": {
        "reportDir": "cypress/report",
        "overwrite": false,
        "html": false,
        "json": true,
        "inlineDiffs": true
      },
      "version": "6.2.0"
    }
  }
}