{
  "stats": {
    "suites": 1,
    "tests": 3,
    "passes": 1,
    "pending": 0,
    "failures": 2,
    "start": "2024-02-25T14:57:54.536Z",
    "end": "2024-02-25T14:58:21.235Z",
    "duration": 26699,
    "testsRegistered": 3,
    "passPercent": 33.33333333333333,
    "pendingPercent": 0,
    "other": 0,
    "hasOther": false,
    "skipped": 0,
    "hasSkipped": false
  },
  "results": [
    {
      "uuid": "e9e69443-e7c3-4b3f-a668-7d447d8c2dc1",
      "title": "",
      "fullFile": "cypress\\e2e\\src\\App.spec.cy.ts",
      "file": "cypress\\e2e\\src\\App.spec.cy.ts",
      "beforeHooks": [],
      "afterHooks": [],
      "tests": [],
      "suites": [
        {
          "uuid": "58dc9e9a-6293-4a47-9c80-e339f4a36735",
          "title": "App Component",
          "fullFile": "",
          "file": "",
          "beforeHooks": [],
          "afterHooks": [],
          "tests": [
            {
              "title": "should increment count when button is clicked",
              "fullTitle": "App Component should increment count when button is clicked",
              "timedOut": null,
              "duration": 1747,
              "state": "passed",
              "speed": "fast",
              "pass": true,
              "fail": false,
              "pending": false,
              "context": null,
              "code": "cy.visit({\n    url: Cypress.env('base_Url')\n});\ncy.get('button').click();\ncy.get('button').contains('count is 1');",
              "err": {},
              "uuid": "c4f349a7-6d23-4871-8d20-cd0283928ddc",
              "parentUUID": "58dc9e9a-6293-4a47-9c80-e339f4a36735",
              "isHook": false,
              "skipped": false
            },
            {
              "title": "should navigate to Vite website when Vite logo is clicked",
              "fullTitle": "App Component should navigate to Vite website when Vite logo is clicked",
              "timedOut": null,
              "duration": 4054,
              "state": "failed",
              "speed": null,
              "pass": false,
              "fail": true,
              "pending": false,
              "context": null,
              "code": "cy.get('.logo').eq(0).click();\ncy.url().should('include', 'vitejs.dev');",
              "err": {
                "message": "AssertionError: Timed out retrying after 4000ms: Expected to find element: `.logo`, but never found it.",
                "estack": "AssertionError: Timed out retrying after 4000ms: Expected to find element: `.logo`, but never found it.\n    at Context.eval (webpack://vite-react-ts/./cypress/e2e/src/App.spec.cy.ts:12:0)",
                "diff": null
              },
              "uuid": "51b8a33d-ceed-48a0-84c8-1b7f0a639196",
              "parentUUID": "58dc9e9a-6293-4a47-9c80-e339f4a36735",
              "isHook": false,
              "skipped": false
            },
            {
              "title": "should navigate to React website when React logo is clicked",
              "fullTitle": "App Component should navigate to React website when React logo is clicked",
              "timedOut": null,
              "duration": 4112,
              "state": "failed",
              "speed": null,
              "pass": false,
              "fail": true,
              "pending": false,
              "context": null,
              "code": "cy.get('.logo.react').click();\ncy.url().should('include', 'react.dev');",
              "err": {
                "message": "AssertionError: Timed out retrying after 4000ms: Expected to find element: `.logo.react`, but never found it.",
                "estack": "AssertionError: Timed out retrying after 4000ms: Expected to find element: `.logo.react`, but never found it.\n    at Context.eval (webpack://vite-react-ts/./cypress/e2e/src/App.spec.cy.ts:16:0)",
                "diff": null
              },
              "uuid": "70ce7c32-dd00-4084-82aa-cfe9b932cfc2",
              "parentUUID": "58dc9e9a-6293-4a47-9c80-e339f4a36735",
              "isHook": false,
              "skipped": false
            }
          ],
          "suites": [],
          "passes": [
            "c4f349a7-6d23-4871-8d20-cd0283928ddc"
          ],
          "failures": [
            "51b8a33d-ceed-48a0-84c8-1b7f0a639196",
            "70ce7c32-dd00-4084-82aa-cfe9b932cfc2"
          ],
          "pending": [],
          "skipped": [],
          "duration": 9913,
          "root": false,
          "rootEmpty": false,
          "_timeout": 2000
        }
      ],
      "passes": [],
      "failures": [],
      "pending": [],
      "skipped": [],
      "duration": 0,
      "root": true,
      "rootEmpty": true,
      "_timeout": 2000
    }
  ],
  "meta": {
    "mocha": {
      "version": "7.0.1"
    },
    "mochawesome": {
      "options": {
        "quiet": false,
        "reportFilename": "mochawesome",
        "saveHtml": false,
        "saveJson": true,
        "consoleReporter": "spec",
        "useInlineDiffs": false,
        "code": true
      },
      "version": "7.1.3"
    },
    "marge": {
      "options": {
        "reportDir": "cypress/report",
        "overwrite": false,
        "html": false,
        "json": true,
        "inlineDiffs": true
      },
      "version": "6.2.0"
    }
  }
}