{
  "stats": {
    "suites": 1,
    "tests": 3,
    "passes": 1,
    "pending": 0,
    "failures": 2,
    "start": "2024-02-25T14:51:00.257Z",
    "end": "2024-02-25T14:51:28.514Z",
    "duration": 28257,
    "testsRegistered": 3,
    "passPercent": 33.33333333333333,
    "pendingPercent": 0,
    "other": 0,
    "hasOther": false,
    "skipped": 0,
    "hasSkipped": false
  },
  "results": [
    {
      "uuid": "774355c8-e5de-4754-aece-05c1e8009f94",
      "title": "",
      "fullFile": "cypress\\e2e\\src\\App.spec.cy.ts",
      "file": "cypress\\e2e\\src\\App.spec.cy.ts",
      "beforeHooks": [],
      "afterHooks": [],
      "tests": [],
      "suites": [
        {
          "uuid": "2a9ffa72-1008-4ff3-999a-d354d31a7bb2",
          "title": "App Component",
          "fullFile": "",
          "file": "",
          "beforeHooks": [],
          "afterHooks": [],
          "tests": [
            {
              "title": "should increment count when button is clicked",
              "fullTitle": "App Component should increment count when button is clicked",
              "timedOut": null,
              "duration": 3153,
              "state": "passed",
              "speed": "fast",
              "pass": true,
              "fail": false,
              "pending": false,
              "context": null,
              "code": "cy.visit({\n    url: Cypress.env('base_Url')\n});\ncy.get('button').click();\ncy.get('button').contains('count is 1');",
              "err": {},
              "uuid": "6883f120-9cdb-49f9-9035-123778fbe007",
              "parentUUID": "2a9ffa72-1008-4ff3-999a-d354d31a7bb2",
              "isHook": false,
              "skipped": false
            },
            {
              "title": "should navigate to Vite website when Vite logo is clicked",
              "fullTitle": "App Component should navigate to Vite website when Vite logo is clicked",
              "timedOut": null,
              "duration": 4042,
              "state": "failed",
              "speed": null,
              "pass": false,
              "fail": true,
              "pending": false,
              "context": null,
              "code": "cy.get('.logo').eq(0).click();\ncy.url().should('include', 'vitejs.dev');",
              "err": {
                "message": "AssertionError: Timed out retrying after 4000ms: Expected to find element: `.logo`, but never found it.",
                "estack": "AssertionError: Timed out retrying after 4000ms: Expected to find element: `.logo`, but never found it.\n    at Context.eval (webpack://vite-react-ts/./cypress/e2e/src/App.spec.cy.ts:12:0)",
                "diff": null
              },
              "uuid": "3841cbec-bbbf-4dc6-ae04-a282fe6cc806",
              "parentUUID": "2a9ffa72-1008-4ff3-999a-d354d31a7bb2",
              "isHook": false,
              "skipped": false
            },
            {
              "title": "should navigate to React website when React logo is clicked",
              "fullTitle": "App Component should navigate to React website when React logo is clicked",
              "timedOut": null,
              "duration": 4064,
              "state": "failed",
              "speed": null,
              "pass": false,
              "fail": true,
              "pending": false,
              "context": null,
              "code": "cy.get('.logo.react').click();\ncy.url().should('include', 'react.dev');",
              "err": {
                "message": "AssertionError: Timed out retrying after 4000ms: Expected to find element: `.logo.react`, but never found it.",
                "estack": "AssertionError: Timed out retrying after 4000ms: Expected to find element: `.logo.react`, but never found it.\n    at Context.eval (webpack://vite-react-ts/./cypress/e2e/src/App.spec.cy.ts:16:0)",
                "diff": null
              },
              "uuid": "8ae10881-2ad4-4b90-a7d9-53a5652bdb15",
              "parentUUID": "2a9ffa72-1008-4ff3-999a-d354d31a7bb2",
              "isHook": false,
              "skipped": false
            }
          ],
          "suites": [],
          "passes": [
            "6883f120-9cdb-49f9-9035-123778fbe007"
          ],
          "failures": [
            "3841cbec-bbbf-4dc6-ae04-a282fe6cc806",
            "8ae10881-2ad4-4b90-a7d9-53a5652bdb15"
          ],
          "pending": [],
          "skipped": [],
          "duration": 11259,
          "root": false,
          "rootEmpty": false,
          "_timeout": 2000
        }
      ],
      "passes": [],
      "failures": [],
      "pending": [],
      "skipped": [],
      "duration": 0,
      "root": true,
      "rootEmpty": true,
      "_timeout": 2000
    }
  ],
  "meta": {
    "mocha": {
      "version": "7.0.1"
    },
    "mochawesome": {
      "options": {
        "quiet": false,
        "reportFilename": "mochawesome",
        "saveHtml": false,
        "saveJson": true,
        "consoleReporter": "spec",
        "useInlineDiffs": false,
        "code": true
      },
      "version": "7.1.3"
    },
    "marge": {
      "options": {
        "reportDir": "cypress/report",
        "overwrite": false,
        "html": false,
        "json": true,
        "inlineDiffs": true
      },
      "version": "6.2.0"
    }
  }
}